Determining if the function crc32c_value exists in the crc32c failed with the following output:
Change Dir: /home/markus/Desktop/projects/leveldb-improved/build/CMakeFiles/CMakeTmp

Run Build Command:"/usr/bin/make" "cmTC_f6e17/fast"
/usr/bin/make -f CMakeFiles/cmTC_f6e17.dir/build.make CMakeFiles/cmTC_f6e17.dir/build
make[1]: Entering directory '/home/markus/Desktop/projects/leveldb-improved/build/CMakeFiles/CMakeTmp'
Building C object CMakeFiles/cmTC_f6e17.dir/CheckFunctionExists.c.o
/usr/bin/gcc-7   -DCHECK_FUNCTION_EXISTS=crc32c_value   -std=c11 -o CMakeFiles/cmTC_f6e17.dir/CheckFunctionExists.c.o   -c /usr/share/cmake-3.10/Modules/CheckFunctionExists.c
Linking C executable cmTC_f6e17
/usr/bin/cmake -E cmake_link_script CMakeFiles/cmTC_f6e17.dir/link.txt --verbose=1
/usr/bin/gcc-7  -DCHECK_FUNCTION_EXISTS=crc32c_value    CMakeFiles/cmTC_f6e17.dir/CheckFunctionExists.c.o  -o cmTC_f6e17 -lcrc32c 
/usr/bin/ld: cannot find -lcrc32c
collect2: error: ld returned 1 exit status
CMakeFiles/cmTC_f6e17.dir/build.make:97: recipe for target 'cmTC_f6e17' failed
make[1]: *** [cmTC_f6e17] Error 1
make[1]: Leaving directory '/home/markus/Desktop/projects/leveldb-improved/build/CMakeFiles/CMakeTmp'
Makefile:126: recipe for target 'cmTC_f6e17/fast' failed
make: *** [cmTC_f6e17/fast] Error 2


Determining if the function snappy_compress exists in the snappy failed with the following output:
Change Dir: /home/markus/Desktop/projects/leveldb-improved/build/CMakeFiles/CMakeTmp

Run Build Command:"/usr/bin/make" "cmTC_fd8b3/fast"
/usr/bin/make -f CMakeFiles/cmTC_fd8b3.dir/build.make CMakeFiles/cmTC_fd8b3.dir/build
make[1]: Entering directory '/home/markus/Desktop/projects/leveldb-improved/build/CMakeFiles/CMakeTmp'
Building C object CMakeFiles/cmTC_fd8b3.dir/CheckFunctionExists.c.o
/usr/bin/gcc-7   -DCHECK_FUNCTION_EXISTS=snappy_compress   -std=c11 -o CMakeFiles/cmTC_fd8b3.dir/CheckFunctionExists.c.o   -c /usr/share/cmake-3.10/Modules/CheckFunctionExists.c
Linking C executable cmTC_fd8b3
/usr/bin/cmake -E cmake_link_script CMakeFiles/cmTC_fd8b3.dir/link.txt --verbose=1
/usr/bin/gcc-7  -DCHECK_FUNCTION_EXISTS=snappy_compress    CMakeFiles/cmTC_fd8b3.dir/CheckFunctionExists.c.o  -o cmTC_fd8b3 -lsnappy 
/usr/bin/ld: cannot find -lsnappy
collect2: error: ld returned 1 exit status
CMakeFiles/cmTC_fd8b3.dir/build.make:97: recipe for target 'cmTC_fd8b3' failed
make[1]: *** [cmTC_fd8b3] Error 1
make[1]: Leaving directory '/home/markus/Desktop/projects/leveldb-improved/build/CMakeFiles/CMakeTmp'
Makefile:126: recipe for target 'cmTC_fd8b3/fast' failed
make: *** [cmTC_fd8b3/fast] Error 2


Determining if the function malloc exists in the tcmalloc failed with the following output:
Change Dir: /home/markus/Desktop/projects/leveldb-improved/build/CMakeFiles/CMakeTmp

Run Build Command:"/usr/bin/make" "cmTC_ca339/fast"
/usr/bin/make -f CMakeFiles/cmTC_ca339.dir/build.make CMakeFiles/cmTC_ca339.dir/build
make[1]: Entering directory '/home/markus/Desktop/projects/leveldb-improved/build/CMakeFiles/CMakeTmp'
Building C object CMakeFiles/cmTC_ca339.dir/CheckFunctionExists.c.o
/usr/bin/gcc-7   -DCHECK_FUNCTION_EXISTS=malloc   -std=c11 -o CMakeFiles/cmTC_ca339.dir/CheckFunctionExists.c.o   -c /usr/share/cmake-3.10/Modules/CheckFunctionExists.c
<command-line>:0:23: warning: conflicting types for built-in function ‘malloc’ [-Wbuiltin-declaration-mismatch]
/usr/share/cmake-3.10/Modules/CheckFunctionExists.c:7:3: note: in expansion of macro ‘CHECK_FUNCTION_EXISTS’
   CHECK_FUNCTION_EXISTS(void);
   ^~~~~~~~~~~~~~~~~~~~~
Linking C executable cmTC_ca339
/usr/bin/cmake -E cmake_link_script CMakeFiles/cmTC_ca339.dir/link.txt --verbose=1
/usr/bin/gcc-7  -DCHECK_FUNCTION_EXISTS=malloc    CMakeFiles/cmTC_ca339.dir/CheckFunctionExists.c.o  -o cmTC_ca339 -ltcmalloc 
/usr/bin/ld: cannot find -ltcmalloc
collect2: error: ld returned 1 exit status
CMakeFiles/cmTC_ca339.dir/build.make:97: recipe for target 'cmTC_ca339' failed
make[1]: *** [cmTC_ca339] Error 1
make[1]: Leaving directory '/home/markus/Desktop/projects/leveldb-improved/build/CMakeFiles/CMakeTmp'
Makefile:126: recipe for target 'cmTC_ca339/fast' failed
make: *** [cmTC_ca339/fast] Error 2


Determining if the F_FULLFSYNC exist failed with the following output:
Change Dir: /home/markus/Desktop/projects/leveldb-improved/build/CMakeFiles/CMakeTmp

Run Build Command:"/usr/bin/make" "cmTC_b0cba/fast"
/usr/bin/make -f CMakeFiles/cmTC_b0cba.dir/build.make CMakeFiles/cmTC_b0cba.dir/build
make[1]: Entering directory '/home/markus/Desktop/projects/leveldb-improved/build/CMakeFiles/CMakeTmp'
Building CXX object CMakeFiles/cmTC_b0cba.dir/CheckSymbolExists.cxx.o
/usr/bin/g++-7    -std=c++11 -o CMakeFiles/cmTC_b0cba.dir/CheckSymbolExists.cxx.o -c /home/markus/Desktop/projects/leveldb-improved/build/CMakeFiles/CMakeTmp/CheckSymbolExists.cxx
/home/markus/Desktop/projects/leveldb-improved/build/CMakeFiles/CMakeTmp/CheckSymbolExists.cxx: In function ‘int main(int, char**)’:
/home/markus/Desktop/projects/leveldb-improved/build/CMakeFiles/CMakeTmp/CheckSymbolExists.cxx:8:19: error: ‘F_FULLFSYNC’ was not declared in this scope
   return ((int*)(&F_FULLFSYNC))[argc];
                   ^~~~~~~~~~~
/home/markus/Desktop/projects/leveldb-improved/build/CMakeFiles/CMakeTmp/CheckSymbolExists.cxx:8:19: note: suggested alternative: ‘O_FSYNC’
   return ((int*)(&F_FULLFSYNC))[argc];
                   ^~~~~~~~~~~
                   O_FSYNC
CMakeFiles/cmTC_b0cba.dir/build.make:65: recipe for target 'CMakeFiles/cmTC_b0cba.dir/CheckSymbolExists.cxx.o' failed
make[1]: *** [CMakeFiles/cmTC_b0cba.dir/CheckSymbolExists.cxx.o] Error 1
make[1]: Leaving directory '/home/markus/Desktop/projects/leveldb-improved/build/CMakeFiles/CMakeTmp'
Makefile:126: recipe for target 'cmTC_b0cba/fast' failed
make: *** [cmTC_b0cba/fast] Error 2

File /home/markus/Desktop/projects/leveldb-improved/build/CMakeFiles/CMakeTmp/CheckSymbolExists.cxx:
/* */
#include <fcntl.h>

int main(int argc, char** argv)
{
  (void)argv;
#ifndef F_FULLFSYNC
  return ((int*)(&F_FULLFSYNC))[argc];
#else
  (void)argc;
  return 0;
#endif
}

Performing C++ SOURCE FILE Test HAVE_CLANG_THREAD_SAFETY failed with the following output:
Change Dir: /home/markus/Desktop/projects/leveldb-improved/build/CMakeFiles/CMakeTmp

Run Build Command:"/usr/bin/make" "cmTC_c8ea0/fast"
/usr/bin/make -f CMakeFiles/cmTC_c8ea0.dir/build.make CMakeFiles/cmTC_c8ea0.dir/build
make[1]: Entering directory '/home/markus/Desktop/projects/leveldb-improved/build/CMakeFiles/CMakeTmp'
Building CXX object CMakeFiles/cmTC_c8ea0.dir/src.cxx.o
/usr/bin/g++-7    -fno-exceptions -fno-rtti -DHAVE_CLANG_THREAD_SAFETY   -Wthread-safety -std=c++11 -o CMakeFiles/cmTC_c8ea0.dir/src.cxx.o -c /home/markus/Desktop/projects/leveldb-improved/build/CMakeFiles/CMakeTmp/src.cxx
g++-7: error: unrecognized command line option '-Wthread-safety'; did you mean '-fthread-jumps'?
CMakeFiles/cmTC_c8ea0.dir/build.make:65: recipe for target 'CMakeFiles/cmTC_c8ea0.dir/src.cxx.o' failed
make[1]: *** [CMakeFiles/cmTC_c8ea0.dir/src.cxx.o] Error 1
make[1]: Leaving directory '/home/markus/Desktop/projects/leveldb-improved/build/CMakeFiles/CMakeTmp'
Makefile:126: recipe for target 'cmTC_c8ea0/fast' failed
make: *** [cmTC_c8ea0/fast] Error 2

Source file was:
int main() { return 0; }
Determining if the pthread_create exist failed with the following output:
Change Dir: /home/markus/Desktop/projects/leveldb-improved/build/CMakeFiles/CMakeTmp

Run Build Command:"/usr/bin/make" "cmTC_41ec0/fast"
/usr/bin/make -f CMakeFiles/cmTC_41ec0.dir/build.make CMakeFiles/cmTC_41ec0.dir/build
make[1]: Entering directory '/home/markus/Desktop/projects/leveldb-improved/build/CMakeFiles/CMakeTmp'
Building C object CMakeFiles/cmTC_41ec0.dir/CheckSymbolExists.c.o
/usr/bin/gcc-7   -Wstrict-prototypes    -std=c11 -o CMakeFiles/cmTC_41ec0.dir/CheckSymbolExists.c.o   -c /home/markus/Desktop/projects/leveldb-improved/build/CMakeFiles/CMakeTmp/CheckSymbolExists.c
Linking C executable cmTC_41ec0
/usr/bin/cmake -E cmake_link_script CMakeFiles/cmTC_41ec0.dir/link.txt --verbose=1
/usr/bin/gcc-7  -Wstrict-prototypes     CMakeFiles/cmTC_41ec0.dir/CheckSymbolExists.c.o  -o cmTC_41ec0 
CMakeFiles/cmTC_41ec0.dir/CheckSymbolExists.c.o: In function `main':
CheckSymbolExists.c:(.text+0x1b): undefined reference to `pthread_create'
collect2: error: ld returned 1 exit status
CMakeFiles/cmTC_41ec0.dir/build.make:97: recipe for target 'cmTC_41ec0' failed
make[1]: *** [cmTC_41ec0] Error 1
make[1]: Leaving directory '/home/markus/Desktop/projects/leveldb-improved/build/CMakeFiles/CMakeTmp'
Makefile:126: recipe for target 'cmTC_41ec0/fast' failed
make: *** [cmTC_41ec0/fast] Error 2

File /home/markus/Desktop/projects/leveldb-improved/build/CMakeFiles/CMakeTmp/CheckSymbolExists.c:
/* */
#include <pthread.h>

int main(int argc, char** argv)
{
  (void)argv;
#ifndef pthread_create
  return ((int*)(&pthread_create))[argc];
#else
  (void)argc;
  return 0;
#endif
}

Determining if the function pthread_create exists in the pthreads failed with the following output:
Change Dir: /home/markus/Desktop/projects/leveldb-improved/build/CMakeFiles/CMakeTmp

Run Build Command:"/usr/bin/make" "cmTC_743da/fast"
/usr/bin/make -f CMakeFiles/cmTC_743da.dir/build.make CMakeFiles/cmTC_743da.dir/build
make[1]: Entering directory '/home/markus/Desktop/projects/leveldb-improved/build/CMakeFiles/CMakeTmp'
Building C object CMakeFiles/cmTC_743da.dir/CheckFunctionExists.c.o
/usr/bin/gcc-7   -Wstrict-prototypes -DCHECK_FUNCTION_EXISTS=pthread_create   -std=c11 -o CMakeFiles/cmTC_743da.dir/CheckFunctionExists.c.o   -c /usr/share/cmake-3.10/Modules/CheckFunctionExists.c
Linking C executable cmTC_743da
/usr/bin/cmake -E cmake_link_script CMakeFiles/cmTC_743da.dir/link.txt --verbose=1
/usr/bin/gcc-7  -Wstrict-prototypes -DCHECK_FUNCTION_EXISTS=pthread_create    CMakeFiles/cmTC_743da.dir/CheckFunctionExists.c.o  -o cmTC_743da -lpthreads 
/usr/bin/ld: cannot find -lpthreads
collect2: error: ld returned 1 exit status
CMakeFiles/cmTC_743da.dir/build.make:97: recipe for target 'cmTC_743da' failed
make[1]: *** [cmTC_743da] Error 1
make[1]: Leaving directory '/home/markus/Desktop/projects/leveldb-improved/build/CMakeFiles/CMakeTmp'
Makefile:126: recipe for target 'cmTC_743da/fast' failed
make: *** [cmTC_743da/fast] Error 2


